{"/home/mohammad/class_addvance/server-deployment-practice/handlers/404.js": {"path":"/home/mohammad/class_addvance/server-deployment-practice/handlers/404.js","statementMap":{"0":{"start":{"line":2,"column":0},"end":{"line":11,"column":1}},"1":{"start":{"line":3,"column":4},"end":{"line":9,"column":6}}},"fnMap":{"0":{"name":"(anonymous_0)","decl":{"start":{"line":2,"column":17},"end":{"line":2,"column":18}},"loc":{"start":{"line":2,"column":37},"end":{"line":11,"column":1}},"line":2}},"branchMap":{},"s":{"0":1,"1":1},"f":{"0":1},"b":{},"_coverageSchema":"1a1c01bbd47fc00a2c39e90264f33305004495a9","hash":"b7e8cce0281bd4eb4b0b3a300bde0cb6ec294bc2"}
,"/home/mohammad/class_addvance/server-deployment-practice/handlers/500.js": {"path":"/home/mohammad/class_addvance/server-deployment-practice/handlers/500.js","statementMap":{"0":{"start":{"line":2,"column":0},"end":{"line":11,"column":1}},"1":{"start":{"line":3,"column":4},"end":{"line":9,"column":6}}},"fnMap":{"0":{"name":"(anonymous_0)","decl":{"start":{"line":2,"column":17},"end":{"line":2,"column":18}},"loc":{"start":{"line":2,"column":44},"end":{"line":11,"column":1}},"line":2}},"branchMap":{},"s":{"0":1,"1":1},"f":{"0":1},"b":{},"_coverageSchema":"1a1c01bbd47fc00a2c39e90264f33305004495a9","hash":"768d927df5c44cec256afc271e0013f9304c582c"}
,"/home/mohammad/class_addvance/server-deployment-practice/middlewares/stamper.js": {"path":"/home/mohammad/class_addvance/server-deployment-practice/middlewares/stamper.js","statementMap":{"0":{"start":{"line":1,"column":0},"end":{"line":5,"column":1}},"1":{"start":{"line":2,"column":4},"end":{"line":2,"column":31}},"2":{"start":{"line":3,"column":4},"end":{"line":3,"column":11}}},"fnMap":{"0":{"name":"(anonymous_0)","decl":{"start":{"line":1,"column":17},"end":{"line":1,"column":18}},"loc":{"start":{"line":1,"column":37},"end":{"line":5,"column":1}},"line":1}},"branchMap":{},"s":{"0":1,"1":0,"2":0},"f":{"0":0},"b":{},"_coverageSchema":"1a1c01bbd47fc00a2c39e90264f33305004495a9","hash":"50068881a6a181b681bfec7d026a7a26ef8aa24b"}
,"/home/mohammad/class_addvance/server-deployment-practice/src/server.js": {"path":"/home/mohammad/class_addvance/server-deployment-practice/src/server.js","statementMap":{"0":{"start":{"line":2,"column":16},"end":{"line":2,"column":34}},"1":{"start":{"line":3,"column":16},"end":{"line":3,"column":49}},"2":{"start":{"line":4,"column":12},"end":{"line":4,"column":21}},"3":{"start":{"line":5,"column":24},"end":{"line":5,"column":50}},"4":{"start":{"line":6,"column":21},"end":{"line":6,"column":47}},"5":{"start":{"line":9,"column":0},"end":{"line":11,"column":3}},"6":{"start":{"line":10,"column":4},"end":{"line":10,"column":35}},"7":{"start":{"line":13,"column":0},"end":{"line":23,"column":3}},"8":{"start":{"line":15,"column":4},"end":{"line":21,"column":6}},"9":{"start":{"line":25,"column":0},"end":{"line":35,"column":3}},"10":{"start":{"line":26,"column":4},"end":{"line":33,"column":6}},"11":{"start":{"line":37,"column":0},"end":{"line":44,"column":2}},"12":{"start":{"line":38,"column":14},"end":{"line":38,"column":16}},"13":{"start":{"line":40,"column":17},"end":{"line":42,"column":6}},"14":{"start":{"line":41,"column":8},"end":{"line":41,"column":23}},"15":{"start":{"line":43,"column":4},"end":{"line":43,"column":33}},"16":{"start":{"line":47,"column":0},"end":{"line":47,"column":30}},"17":{"start":{"line":48,"column":0},"end":{"line":48,"column":22}},"18":{"start":{"line":54,"column":4},"end":{"line":56,"column":7}},"19":{"start":{"line":55,"column":8},"end":{"line":55,"column":54}},"20":{"start":{"line":59,"column":0},"end":{"line":62,"column":1}}},"fnMap":{"0":{"name":"(anonymous_0)","decl":{"start":{"line":9,"column":13},"end":{"line":9,"column":14}},"loc":{"start":{"line":9,"column":27},"end":{"line":11,"column":1}},"line":9},"1":{"name":"(anonymous_1)","decl":{"start":{"line":13,"column":17},"end":{"line":13,"column":18}},"loc":{"start":{"line":13,"column":31},"end":{"line":23,"column":1}},"line":13},"2":{"name":"(anonymous_2)","decl":{"start":{"line":25,"column":26},"end":{"line":25,"column":27}},"loc":{"start":{"line":25,"column":40},"end":{"line":35,"column":1}},"line":25},"3":{"name":"(anonymous_3)","decl":{"start":{"line":37,"column":16},"end":{"line":37,"column":17}},"loc":{"start":{"line":37,"column":30},"end":{"line":44,"column":1}},"line":37},"4":{"name":"(anonymous_4)","decl":{"start":{"line":40,"column":29},"end":{"line":40,"column":30}},"loc":{"start":{"line":40,"column":36},"end":{"line":42,"column":5}},"line":40},"5":{"name":"start","decl":{"start":{"line":52,"column":9},"end":{"line":52,"column":14}},"loc":{"start":{"line":52,"column":21},"end":{"line":58,"column":1}},"line":52},"6":{"name":"(anonymous_6)","decl":{"start":{"line":54,"column":21},"end":{"line":54,"column":22}},"loc":{"start":{"line":54,"column":27},"end":{"line":56,"column":5}},"line":54}},"branchMap":{},"s":{"0":1,"1":1,"2":1,"3":1,"4":1,"5":1,"6":1,"7":1,"8":1,"9":1,"10":0,"11":1,"12":1,"13":1,"14":0,"15":0,"16":1,"17":1,"18":0,"19":0,"20":1},"f":{"0":1,"1":1,"2":0,"3":1,"4":0,"5":0,"6":0},"b":{},"_coverageSchema":"1a1c01bbd47fc00a2c39e90264f33305004495a9","hash":"e7bc9febc395ede136da92afce6d011509397802"}
}
