TN:
SF:handlers/404.js
FN:2,(anonymous_0)
FNF:1
FNH:1
FNDA:1,(anonymous_0)
DA:2,1
DA:3,1
LF:2
LH:2
BRF:0
BRH:0
end_of_record
TN:
SF:handlers/500.js
FN:2,(anonymous_0)
FNF:1
FNH:1
FNDA:1,(anonymous_0)
DA:2,1
DA:3,1
LF:2
LH:2
BRF:0
BRH:0
end_of_record
TN:
SF:middlewares/stamper.js
FN:1,(anonymous_0)
FNF:1
FNH:0
FNDA:0,(anonymous_0)
DA:1,1
DA:2,0
DA:3,0
LF:3
LH:1
BRF:0
BRH:0
end_of_record
TN:
SF:src/server.js
FN:9,(anonymous_0)
FN:13,(anonymous_1)
FN:25,(anonymous_2)
FN:37,(anonymous_3)
FN:40,(anonymous_4)
FN:52,start
FN:54,(anonymous_6)
FNF:7
FNH:3
FNDA:1,(anonymous_0)
FNDA:1,(anonymous_1)
FNDA:0,(anonymous_2)
FNDA:1,(anonymous_3)
FNDA:0,(anonymous_4)
FNDA:0,start
FNDA:0,(anonymous_6)
DA:2,1
DA:3,1
DA:4,1
DA:5,1
DA:6,1
DA:9,1
DA:10,1
DA:13,1
DA:15,1
DA:25,1
DA:26,0
DA:37,1
DA:38,1
DA:40,1
DA:41,0
DA:43,0
DA:47,1
DA:48,1
DA:54,0
DA:55,0
DA:59,1
LF:21
LH:16
BRF:0
BRH:0
end_of_record
